#! /opt/iverilog-v10_1/bin/vvp
:ivl_version "10.1 (stable)" "(v10_1)";
:ivl_delay_selection "TYPICAL";
:vpi_time_precision - 10;
:vpi_module "system";
:vpi_module "vhdl_sys";
:vpi_module "v2005_math";
:vpi_module "va_math";
S_0x2479550 .scope module, "i2c_tb" "i2c_tb" 2 3;
 .timescale -9 -10;
P_0x24931e0 .param/l "ACK" 1 2 35, C4<0>;
P_0x2493220 .param/l "NACK" 1 2 34, C4<1>;
L_0x24d7bd0 .functor NOT 1, v0x24d6fe0_0, C4<0>, C4<0>, C4<0>;
v0x24d67e0_0 .var "clk", 0 0;
v0x24d68f0_0 .var "counter", 7 0;
v0x24d69d0_0 .var "i2c_data", 7 0;
v0x24d6a90_0 .var "i2c_scl", 0 0;
v0x24d6b30_0 .var "i2c_sda", 0 0;
v0x24d6c20_0 .net "int_sda_oe", 0 0, v0x24d3320_0;  1 drivers
v0x24d6d10_0 .var "iter_counter", 7 0;
v0x24d6db0_0 .var "pack_cntr", 7 0;
v0x24d6e90_0 .var "slv_sda_r", 0 0;
v0x24d6fe0_0 .var "tb_reset", 0 0;
S_0x24a7920 .scope module, "i2c_internal_inst" "i2c_internal" 2 15, 3 3 0, S_0x2479550;
 .timescale -9 -10;
    .port_info 0 /INPUT 1 "mst_sda_in"
    .port_info 1 /INPUT 1 "mst_scl_in"
    .port_info 2 /OUTPUT 1 "int_sda_oe"
    .port_info 3 /INPUT 1 "clk_25"
    .port_info 4 /INPUT 1 "reset_n"
P_0x247eb40 .param/l "DEV_ADDR" 0 3 4, C4<1110111>;
P_0x247eb80 .param/l "SIZE_REG" 0 3 5, C4<00000000000000000000000001010010>;
L_0x24d7230 .functor NOT 1, L_0x24d7140, C4<0>, C4<0>, C4<0>;
L_0x24d72f0 .functor AND 1, L_0x24d7230, L_0x24d70a0, C4<1>, C4<1>;
L_0x24d74c0 .functor NOT 1, L_0x24d70a0, C4<0>, C4<0>, C4<0>;
L_0x24d75c0 .functor AND 1, L_0x24d7420, L_0x24d74c0, C4<1>, C4<1>;
L_0x24d78b0 .functor NOT 1, L_0x24d77c0, C4<0>, C4<0>, C4<0>;
L_0x24d7970 .functor AND 1, L_0x24d78b0, L_0x24d76d0, C4<1>, C4<1>;
L_0x24d7b60 .functor NOT 1, L_0x24d76d0, C4<0>, C4<0>, C4<0>;
L_0x24d7c60 .functor AND 1, L_0x24d7a80, L_0x24d7b60, C4<1>, C4<1>;
L_0x7f932af3d018 .functor BUFT 1, C4<1>, C4<0>, C4<0>, C4<0>;
L_0x24d7dc0 .functor XNOR 1, L_0x24d76d0, L_0x7f932af3d018, C4<0>, C4<0>;
L_0x24d7e30 .functor AND 1, L_0x24d75c0, L_0x24d7dc0, C4<1>, C4<1>;
L_0x7f932af3d060 .functor BUFT 1, C4<1>, C4<0>, C4<0>, C4<0>;
L_0x24d7f50 .functor XNOR 1, L_0x24d76d0, L_0x7f932af3d060, C4<0>, C4<0>;
L_0x24d7fc0 .functor AND 1, L_0x24d72f0, L_0x24d7f50, C4<1>, C4<1>;
v0x24d4080_0 .net "START", 0 0, L_0x24d7e30;  1 drivers
v0x24d4160_0 .net "STOP", 0 0, L_0x24d7fc0;  1 drivers
v0x24d4220_0 .net *"_s10", 0 0, L_0x24d74c0;  1 drivers
v0x24d42e0_0 .net *"_s17", 0 0, L_0x24d77c0;  1 drivers
v0x24d43c0_0 .net *"_s18", 0 0, L_0x24d78b0;  1 drivers
v0x24d44a0_0 .net *"_s23", 0 0, L_0x24d7a80;  1 drivers
v0x24d4580_0 .net *"_s24", 0 0, L_0x24d7b60;  1 drivers
v0x24d4660_0 .net/2u *"_s28", 0 0, L_0x7f932af3d018;  1 drivers
v0x24d4740_0 .net *"_s3", 0 0, L_0x24d7140;  1 drivers
v0x24d48b0_0 .net *"_s30", 0 0, L_0x24d7dc0;  1 drivers
v0x24d4970_0 .net/2u *"_s34", 0 0, L_0x7f932af3d060;  1 drivers
v0x24d4a50_0 .net *"_s36", 0 0, L_0x24d7f50;  1 drivers
v0x24d4b10_0 .net *"_s4", 0 0, L_0x24d7230;  1 drivers
v0x24d4bf0_0 .net *"_s9", 0 0, L_0x24d7420;  1 drivers
v0x24d4cd0_0 .net "back_scl", 0 0, L_0x24d7c60;  1 drivers
v0x24d4d70_0 .net "back_sda", 0 0, L_0x24d75c0;  1 drivers
v0x24d4e40_0 .net "clk_25", 0 0, v0x24d67e0_0;  1 drivers
v0x24d4ff0_0 .var "detect_mst_scl_in", 2 0;
v0x24d5090_0 .var "detect_mst_sda_in", 2 0;
v0x24d5130_0 .net "front_scl", 0 0, L_0x24d7970;  1 drivers
v0x24d51d0_0 .net "front_sda", 0 0, L_0x24d72f0;  1 drivers
v0x24d52a0_0 .net "int_sda_oe", 0 0, v0x24d3320_0;  alias, 1 drivers
v0x24d5370_0 .net "mst_scl", 0 0, L_0x24d76d0;  1 drivers
v0x24d5440_0 .net "mst_scl_in", 0 0, v0x24d6a90_0;  1 drivers
v0x24d54e0_0 .net "mst_sda", 0 0, L_0x24d70a0;  1 drivers
v0x24d55b0_0 .net "mst_sda_in", 0 0, v0x24d6b30_0;  1 drivers
v0x24d5650_0 .net "reset_n", 0 0, L_0x24d7bd0;  1 drivers
E_0x24926e0 .event negedge, v0x24d3180_0;
L_0x24d70a0 .part v0x24d5090_0, 1, 1;
L_0x24d7140 .part v0x24d5090_0, 2, 1;
L_0x24d7420 .part v0x24d5090_0, 2, 1;
L_0x24d76d0 .part v0x24d4ff0_0, 1, 1;
L_0x24d77c0 .part v0x24d4ff0_0, 2, 1;
L_0x24d7a80 .part v0x24d4ff0_0, 2, 1;
S_0x24a6dd0 .scope module, "i2c_slave_inst" "i2c_slave" 3 50, 4 3 0, S_0x24a7920;
 .timescale -9 -10;
    .port_info 0 /INPUT 1 "mst_sda"
    .port_info 1 /INPUT 1 "front_sda"
    .port_info 2 /INPUT 1 "back_sda"
    .port_info 3 /INPUT 1 "mst_scl"
    .port_info 4 /INPUT 1 "front_scl"
    .port_info 5 /INPUT 1 "back_scl"
    .port_info 6 /OUTPUT 1 "data_out"
    .port_info 7 /INPUT 1 "clk_25"
    .port_info 8 /INPUT 1 "reset_n"
P_0x248c110 .param/l "ACK" 1 4 33, C4<0>;
P_0x248c150 .param/l "DEV_ADDR" 0 4 4, C4<1110111>;
P_0x248c190 .param/l "NACK" 1 4 34, C4<1>;
P_0x248c1d0 .param/l "READ" 1 4 31, C4<1>;
P_0x248c210 .param/l "SIZE_REG" 0 4 5, C4<00000000000000000000000001010010>;
P_0x248c250 .param/l "ST_IDLE" 1 4 20, C4<0000>;
P_0x248c290 .param/l "ST_READ_STATUS" 1 4 27, C4<0111>;
P_0x248c2d0 .param/l "ST_READ_data" 1 4 26, C4<0110>;
P_0x248c310 .param/l "ST_START" 1 4 21, C4<0001>;
P_0x248c350 .param/l "ST_STATUS_a" 1 4 22, C4<0010>;
P_0x248c390 .param/l "ST_STATUS_b" 1 4 23, C4<0011>;
P_0x248c3d0 .param/l "ST_WRITE_addr" 1 4 24, C4<0100>;
P_0x248c410 .param/l "ST_WRITE_data" 1 4 25, C4<0101>;
P_0x248c450 .param/l "WRITE" 1 4 32, C4<0>;
L_0x24d80f0 .functor AND 1, L_0x24d75c0, L_0x24d76d0, C4<1>, C4<1>;
L_0x24d81f0 .functor AND 1, L_0x24d72f0, L_0x24d76d0, C4<1>, C4<1>;
v0x24b2d10_0 .net "START", 0 0, L_0x24d80f0;  1 drivers
v0x24d2e20_0 .net "STOP", 0 0, L_0x24d81f0;  1 drivers
v0x24d2ee0_0 .var "_flag", 0 0;
v0x24d2fb0_0 .net "back_scl", 0 0, L_0x24d7c60;  alias, 1 drivers
v0x24d3070_0 .net "back_sda", 0 0, L_0x24d75c0;  alias, 1 drivers
v0x24d3180_0 .net "clk_25", 0 0, v0x24d67e0_0;  alias, 1 drivers
v0x24d3240_0 .var "counter", 7 0;
v0x24d3320_0 .var "data_out", 0 0;
v0x24d33e0_0 .net "front_scl", 0 0, L_0x24d7970;  alias, 1 drivers
v0x24d3530_0 .net "front_sda", 0 0, L_0x24d72f0;  alias, 1 drivers
v0x24d35f0_0 .var "i2c_addr", 7 0;
v0x24d36d0_0 .net "mst_scl", 0 0, L_0x24d76d0;  alias, 1 drivers
v0x24d3790_0 .net "mst_sda", 0 0, L_0x24d70a0;  alias, 1 drivers
v0x24d3850_0 .var "reg_addr", 7 0;
v0x24d3930 .array "reg_memory", 0 81, 7 0;
v0x24d39f0_0 .net "reset_n", 0 0, L_0x24d7bd0;  alias, 1 drivers
v0x24d3ab0_0 .var "rw", 0 0;
v0x24d3c60_0 .var "sm", 3 0;
v0x24d3d00_0 .var "status", 0 0;
v0x24d3da0_0 .var "tmp_data", 7 0;
v0x24d3e80_0 .var "tmp_reg_addr", 7 0;
E_0x2498380 .event posedge, v0x24d3180_0;
S_0x24d5770 .scope task, "i2c_read" "i2c_read" 2 171, 2 171 0, S_0x2479550;
 .timescale -9 -10;
v0x24d5910_0 .var "master_ack", 0 0;
TD_i2c_tb.i2c_read ;
    %pushi/vec4 0, 0, 1;
    %store/vec4 v0x24d6b30_0, 0, 1;
T_0.0 ;
    %load/vec4 v0x24d68f0_0;
    %pad/u 32;
    %cmpi/ne 8, 0, 32;
    %jmp/0xz T_0.1, 4;
    %load/vec4 v0x24d68f0_0;
    %addi 1, 0, 8;
    %store/vec4 v0x24d68f0_0, 0, 8;
    %delay 12500, 0;
    %pushi/vec4 1, 0, 1;
    %store/vec4 v0x24d6a90_0, 0, 1;
    %load/vec4 v0x24d6c20_0;
    %ix/load 4, 0, 0;
    %flag_set/imm 4, 0;
    %store/vec4 v0x24d69d0_0, 4, 1;
    %delay 12500, 0;
    %pushi/vec4 0, 0, 1;
    %store/vec4 v0x24d6a90_0, 0, 1;
    %load/vec4 v0x24d69d0_0;
    %parti/s 7, 0, 2;
    %load/vec4 v0x24d69d0_0;
    %parti/s 1, 7, 4;
    %concat/vec4; draw_concat_vec4
    %store/vec4 v0x24d69d0_0, 0, 8;
    %jmp T_0.0;
T_0.1 ;
    %load/vec4 v0x24d69d0_0;
    %parti/s 1, 0, 2;
    %load/vec4 v0x24d69d0_0;
    %parti/s 7, 1, 2;
    %concat/vec4; draw_concat_vec4
    %store/vec4 v0x24d69d0_0, 0, 8;
    %load/vec4 v0x24d5910_0;
    %store/vec4 v0x24d6b30_0, 0, 1;
    %pushi/vec4 0, 0, 8;
    %store/vec4 v0x24d68f0_0, 0, 8;
    %delay 12500, 0;
    %pushi/vec4 1, 0, 1;
    %store/vec4 v0x24d6a90_0, 0, 1;
    %vpi_call 2 186 "$display", "data: 0x%h", v0x24d69d0_0 {0 0 0};
    %delay 12500, 0;
    %pushi/vec4 0, 0, 1;
    %store/vec4 v0x24d6a90_0, 0, 1;
    %end;
S_0x24d59d0 .scope task, "i2c_start" "i2c_start" 2 121, 2 121 0, S_0x2479550;
 .timescale -9 -10;
TD_i2c_tb.i2c_start ;
    %delay 100000, 0;
    %load/vec4 v0x24d6d10_0;
    %addi 1, 0, 8;
    %store/vec4 v0x24d6d10_0, 0, 8;
    %pushi/vec4 1, 0, 1;
    %store/vec4 v0x24d6b30_0, 0, 1;
    %delay 5000, 0;
    %pushi/vec4 1, 0, 1;
    %store/vec4 v0x24d6a90_0, 0, 1;
    %delay 12500, 0;
    %pushi/vec4 0, 0, 1;
    %store/vec4 v0x24d6b30_0, 0, 1;
    %delay 12500, 0;
    %pushi/vec4 0, 0, 1;
    %store/vec4 v0x24d6a90_0, 0, 1;
    %end;
S_0x24d5ba0 .scope task, "i2c_stop" "i2c_stop" 2 137, 2 137 0, S_0x2479550;
 .timescale -9 -10;
TD_i2c_tb.i2c_stop ;
    %delay 12500, 0;
    %pushi/vec4 0, 0, 1;
    %store/vec4 v0x24d6b30_0, 0, 1;
    %delay 12500, 0;
    %pushi/vec4 1, 0, 1;
    %store/vec4 v0x24d6a90_0, 0, 1;
    %delay 12500, 0;
    %pushi/vec4 1, 0, 1;
    %store/vec4 v0x24d6b30_0, 0, 1;
    %end;
S_0x24d5d70 .scope task, "i2c_write" "i2c_write" 2 149, 2 149 0, S_0x2479550;
 .timescale -9 -10;
v0x24d5f90_0 .var "data", 7 0;
TD_i2c_tb.i2c_write ;
    %load/vec4 v0x24d5f90_0;
    %store/vec4 v0x24d69d0_0, 0, 8;
T_3.2 ;
    %load/vec4 v0x24d68f0_0;
    %pad/u 32;
    %cmpi/ne 8, 0, 32;
    %jmp/0xz T_3.3, 4;
    %load/vec4 v0x24d68f0_0;
    %addi 1, 0, 8;
    %store/vec4 v0x24d68f0_0, 0, 8;
    %delay 2500, 0;
    %load/vec4 v0x24d69d0_0;
    %parti/s 1, 7, 4;
    %store/vec4 v0x24d6b30_0, 0, 1;
    %delay 10000, 0;
    %pushi/vec4 1, 0, 1;
    %store/vec4 v0x24d6a90_0, 0, 1;
    %delay 12500, 0;
    %pushi/vec4 0, 0, 1;
    %store/vec4 v0x24d6a90_0, 0, 1;
    %load/vec4 v0x24d69d0_0;
    %parti/s 7, 0, 2;
    %load/vec4 v0x24d69d0_0;
    %parti/s 1, 7, 4;
    %concat/vec4; draw_concat_vec4
    %store/vec4 v0x24d69d0_0, 0, 8;
    %jmp T_3.2;
T_3.3 ;
    %pushi/vec4 0, 0, 8;
    %store/vec4 v0x24d68f0_0, 0, 8;
    %delay 12500, 0;
    %pushi/vec4 1, 0, 1;
    %store/vec4 v0x24d6a90_0, 0, 1;
    %delay 12500, 0;
    %pushi/vec4 0, 0, 1;
    %store/vec4 v0x24d6a90_0, 0, 1;
    %end;
S_0x24d6070 .scope task, "loop_mem_write" "loop_mem_write" 2 69, 2 69 0, S_0x2479550;
 .timescale -9 -10;
v0x24d6240_0 .var "width", 7 0;
TD_i2c_tb.loop_mem_write ;
    %vpi_call 2 72 "$display", "WRITE DATA ..." {0 0 0};
T_4.4 ;
    %load/vec4 v0x24d6db0_0;
    %load/vec4 v0x24d6240_0;
    %cmp/ne;
    %jmp/0xz T_4.5, 4;
    %fork TD_i2c_tb.i2c_start, S_0x24d59d0;
    %join;
    %pushi/vec4 238, 0, 8;
    %store/vec4 v0x24d5f90_0, 0, 8;
    %fork TD_i2c_tb.i2c_write, S_0x24d5d70;
    %join;
    %load/vec4 v0x24d6db0_0;
    %store/vec4 v0x24d5f90_0, 0, 8;
    %fork TD_i2c_tb.i2c_write, S_0x24d5d70;
    %join;
    %load/vec4 v0x24d6db0_0;
    %addi 1, 0, 8;
    %store/vec4 v0x24d5f90_0, 0, 8;
    %fork TD_i2c_tb.i2c_write, S_0x24d5d70;
    %join;
    %fork TD_i2c_tb.i2c_stop, S_0x24d5ba0;
    %join;
    %load/vec4 v0x24d6db0_0;
    %addi 1, 0, 8;
    %store/vec4 v0x24d6db0_0, 0, 8;
    %jmp T_4.4;
T_4.5 ;
    %pushi/vec4 0, 0, 8;
    %store/vec4 v0x24d6db0_0, 0, 8;
    %end;
S_0x24d6340 .scope task, "mem_display" "mem_display" 2 104, 2 104 0, S_0x2479550;
 .timescale -9 -10;
TD_i2c_tb.mem_display ;
T_5.6 ;
    %load/vec4 v0x24d68f0_0;
    %pad/u 32;
    %cmpi/ne 32, 0, 32;
    %jmp/0xz T_5.7, 4;
    %vpi_call 2 107 "$display", "%x: reg = %d", v0x24d68f0_0, &A<v0x24d3930, v0x24d68f0_0 > {0 0 0};
    %load/vec4 v0x24d68f0_0;
    %addi 1, 0, 8;
    %store/vec4 v0x24d68f0_0, 0, 8;
    %jmp T_5.6;
T_5.7 ;
    %pushi/vec4 0, 0, 8;
    %store/vec4 v0x24d68f0_0, 0, 8;
    %end;
S_0x24d6510 .scope task, "mem_read" "mem_read" 2 85, 2 85 0, S_0x2479550;
 .timescale -9 -10;
v0x24d66e0_0 .var "width", 7 0;
TD_i2c_tb.mem_read ;
    %vpi_call 2 88 "$display", "READ DATA ..." {0 0 0};
T_6.8 ;
    %load/vec4 v0x24d6db0_0;
    %load/vec4 v0x24d66e0_0;
    %cmp/ne;
    %jmp/0xz T_6.9, 4;
    %fork TD_i2c_tb.i2c_start, S_0x24d59d0;
    %join;
    %pushi/vec4 238, 0, 8;
    %store/vec4 v0x24d5f90_0, 0, 8;
    %fork TD_i2c_tb.i2c_write, S_0x24d5d70;
    %join;
    %load/vec4 v0x24d6db0_0;
    %store/vec4 v0x24d5f90_0, 0, 8;
    %fork TD_i2c_tb.i2c_write, S_0x24d5d70;
    %join;
    %fork TD_i2c_tb.i2c_start, S_0x24d59d0;
    %join;
    %pushi/vec4 239, 0, 8;
    %store/vec4 v0x24d5f90_0, 0, 8;
    %fork TD_i2c_tb.i2c_write, S_0x24d5d70;
    %join;
    %pushi/vec4 1, 0, 1;
    %store/vec4 v0x24d5910_0, 0, 1;
    %fork TD_i2c_tb.i2c_read, S_0x24d5770;
    %join;
    %fork TD_i2c_tb.i2c_stop, S_0x24d5ba0;
    %join;
    %load/vec4 v0x24d6db0_0;
    %addi 1, 0, 8;
    %store/vec4 v0x24d6db0_0, 0, 8;
    %jmp T_6.8;
T_6.9 ;
    %pushi/vec4 0, 0, 8;
    %store/vec4 v0x24d6db0_0, 0, 8;
    %end;
    .scope S_0x24a6dd0;
T_7 ;
    %pushi/vec4 0, 0, 4;
    %store/vec4 v0x24d3c60_0, 0, 4;
    %end;
    .thread T_7;
    .scope S_0x24a6dd0;
T_8 ;
    %pushi/vec4 0, 0, 8;
    %store/vec4 v0x24d35f0_0, 0, 8;
    %end;
    .thread T_8;
    .scope S_0x24a6dd0;
T_9 ;
    %pushi/vec4 0, 0, 1;
    %store/vec4 v0x24d3ab0_0, 0, 1;
    %end;
    .thread T_9;
    .scope S_0x24a6dd0;
T_10 ;
    %pushi/vec4 0, 0, 1;
    %store/vec4 v0x24d2ee0_0, 0, 1;
    %end;
    .thread T_10;
    .scope S_0x24a6dd0;
T_11 ;
    %pushi/vec4 1, 0, 1;
    %store/vec4 v0x24d3d00_0, 0, 1;
    %end;
    .thread T_11;
    .scope S_0x24a6dd0;
T_12 ;
    %pushi/vec4 0, 0, 8;
    %store/vec4 v0x24d3240_0, 0, 8;
    %end;
    .thread T_12;
    .scope S_0x24a6dd0;
T_13 ;
    %pushi/vec4 0, 0, 8;
    %store/vec4 v0x24d3e80_0, 0, 8;
    %end;
    .thread T_13;
    .scope S_0x24a6dd0;
T_14 ;
    %pushi/vec4 0, 0, 8;
    %store/vec4 v0x24d3850_0, 0, 8;
    %end;
    .thread T_14;
    .scope S_0x24a6dd0;
T_15 ;
    %pushi/vec4 0, 0, 8;
    %store/vec4 v0x24d3da0_0, 0, 8;
    %end;
    .thread T_15;
    .scope S_0x24a6dd0;
T_16 ;
    %wait E_0x2498380;
    %load/vec4 v0x24d39f0_0;
    %inv;
    %flag_set/vec4 8;
    %jmp/0xz  T_16.0, 8;
    %pushi/vec4 0, 0, 4;
    %assign/vec4 v0x24d3c60_0, 0;
    %pushi/vec4 1, 0, 1;
    %assign/vec4 v0x24d3d00_0, 0;
    %pushi/vec4 0, 0, 8;
    %assign/vec4 v0x24d3240_0, 0;
    %pushi/vec4 0, 0, 8;
    %assign/vec4 v0x24d35f0_0, 0;
    %pushi/vec4 0, 0, 8;
    %assign/vec4 v0x24d3850_0, 0;
    %pushi/vec4 0, 0, 8;
    %assign/vec4 v0x24d3e80_0, 0;
    %pushi/vec4 1, 0, 1;
    %assign/vec4 v0x24d3320_0, 0;
    %pushi/vec4 0, 0, 1;
    %assign/vec4 v0x24d2ee0_0, 0;
    %jmp T_16.1;
T_16.0 ;
    %load/vec4 v0x24d3c60_0;
    %dup/vec4;
    %pushi/vec4 0, 0, 4;
    %cmp/u;
    %jmp/1 T_16.2, 6;
    %dup/vec4;
    %pushi/vec4 1, 0, 4;
    %cmp/u;
    %jmp/1 T_16.3, 6;
    %dup/vec4;
    %pushi/vec4 2, 0, 4;
    %cmp/u;
    %jmp/1 T_16.4, 6;
    %dup/vec4;
    %pushi/vec4 3, 0, 4;
    %cmp/u;
    %jmp/1 T_16.5, 6;
    %dup/vec4;
    %pushi/vec4 4, 0, 4;
    %cmp/u;
    %jmp/1 T_16.6, 6;
    %dup/vec4;
    %pushi/vec4 5, 0, 4;
    %cmp/u;
    %jmp/1 T_16.7, 6;
    %dup/vec4;
    %pushi/vec4 6, 0, 4;
    %cmp/u;
    %jmp/1 T_16.8, 6;
    %dup/vec4;
    %pushi/vec4 7, 0, 4;
    %cmp/u;
    %jmp/1 T_16.9, 6;
    %pushi/vec4 0, 0, 4;
    %assign/vec4 v0x24d3c60_0, 0;
    %jmp T_16.11;
T_16.2 ;
    %pushi/vec4 1, 0, 1;
    %assign/vec4 v0x24d3320_0, 0;
    %pushi/vec4 0, 0, 1;
    %assign/vec4 v0x24d2ee0_0, 0;
    %pushi/vec4 1, 0, 1;
    %assign/vec4 v0x24d3d00_0, 0;
    %pushi/vec4 0, 0, 8;
    %assign/vec4 v0x24d3240_0, 0;
    %pushi/vec4 0, 0, 8;
    %assign/vec4 v0x24d35f0_0, 0;
    %load/vec4 v0x24d3070_0;
    %load/vec4 v0x24d36d0_0;
    %and;
    %flag_set/vec4 8;
    %jmp/0xz  T_16.12, 8;
    %pushi/vec4 1, 0, 4;
    %assign/vec4 v0x24d3c60_0, 0;
T_16.12 ;
    %jmp T_16.11;
T_16.3 ;
    %load/vec4 v0x24d33e0_0;
    %flag_set/vec4 8;
    %jmp/0xz  T_16.14, 8;
    %load/vec4 v0x24d3240_0;
    %addi 1, 0, 8;
    %assign/vec4 v0x24d3240_0, 0;
    %load/vec4 v0x24d35f0_0;
    %parti/s 7, 0, 2;
    %load/vec4 v0x24d3790_0;
    %concat/vec4; draw_concat_vec4
    %assign/vec4 v0x24d35f0_0, 0;
T_16.14 ;
    %load/vec4 v0x24d3240_0;
    %pad/u 32;
    %cmpi/e 8, 0, 32;
    %jmp/0xz  T_16.16, 4;
    %load/vec4 v0x24d35f0_0;
    %parti/s 7, 1, 2;
    %cmpi/e 119, 0, 7;
    %jmp/0xz  T_16.18, 4;
    %pushi/vec4 0, 0, 1;
    %assign/vec4 v0x24d3d00_0, 0;
T_16.18 ;
    %load/vec4 v0x24d3790_0;
    %assign/vec4 v0x24d3ab0_0, 0;
    %pushi/vec4 0, 0, 8;
    %assign/vec4 v0x24d3240_0, 0;
    %pushi/vec4 2, 0, 4;
    %assign/vec4 v0x24d3c60_0, 0;
T_16.16 ;
    %jmp T_16.11;
T_16.4 ;
    %pushi/vec4 0, 0, 8;
    %assign/vec4 v0x24d3240_0, 0;
    %load/vec4 v0x24d2fb0_0;
    %flag_set/vec4 8;
    %jmp/0xz  T_16.20, 8;
    %load/vec4 v0x24d3d00_0;
    %cmpi/e 0, 0, 1;
    %jmp/0xz  T_16.22, 4;
    %load/vec4 v0x24d3d00_0;
    %assign/vec4 v0x24d3320_0, 0;
    %pushi/vec4 3, 0, 4;
    %assign/vec4 v0x24d3c60_0, 0;
    %jmp T_16.23;
T_16.22 ;
    %pushi/vec4 0, 0, 4;
    %assign/vec4 v0x24d3c60_0, 0;
T_16.23 ;
T_16.20 ;
    %jmp T_16.11;
T_16.5 ;
    %load/vec4 v0x24d2fb0_0;
    %flag_set/vec4 8;
    %jmp/0xz  T_16.24, 8;
    %pushi/vec4 1, 0, 1;
    %assign/vec4 v0x24d3320_0, 0;
    %pushi/vec4 1, 0, 1;
    %assign/vec4 v0x24d3d00_0, 0;
    %load/vec4 v0x24d3ab0_0;
    %cmpi/e 0, 0, 1;
    %jmp/0xz  T_16.26, 4;
    %pushi/vec4 4, 0, 4;
    %assign/vec4 v0x24d3c60_0, 0;
    %jmp T_16.27;
T_16.26 ;
    %ix/getv 4, v0x24d3850_0;
    %load/vec4a v0x24d3930, 4;
    %parti/s 1, 7, 4;
    %assign/vec4 v0x24d3320_0, 0;
    %ix/getv 4, v0x24d3850_0;
    %load/vec4a v0x24d3930, 4;
    %assign/vec4 v0x24d3da0_0, 0;
    %pushi/vec4 6, 0, 4;
    %assign/vec4 v0x24d3c60_0, 0;
T_16.27 ;
T_16.24 ;
    %jmp T_16.11;
T_16.6 ;
    %load/vec4 v0x24d2e20_0;
    %flag_set/vec4 8;
    %jmp/0xz  T_16.28, 8;
    %pushi/vec4 0, 0, 8;
    %assign/vec4 v0x24d3240_0, 0;
    %pushi/vec4 0, 0, 4;
    %assign/vec4 v0x24d3c60_0, 0;
    %jmp T_16.29;
T_16.28 ;
    %load/vec4 v0x24b2d10_0;
    %flag_set/vec4 8;
    %jmp/0xz  T_16.30, 8;
    %pushi/vec4 0, 0, 8;
    %assign/vec4 v0x24d3240_0, 0;
    %pushi/vec4 1, 0, 4;
    %assign/vec4 v0x24d3c60_0, 0;
    %jmp T_16.31;
T_16.30 ;
    %load/vec4 v0x24d33e0_0;
    %flag_set/vec4 8;
    %jmp/0xz  T_16.32, 8;
    %load/vec4 v0x24d3240_0;
    %addi 1, 0, 8;
    %assign/vec4 v0x24d3240_0, 0;
    %load/vec4 v0x24d3e80_0;
    %parti/s 7, 0, 2;
    %load/vec4 v0x24d3790_0;
    %concat/vec4; draw_concat_vec4
    %assign/vec4 v0x24d3e80_0, 0;
T_16.32 ;
    %load/vec4 v0x24d3240_0;
    %pushi/vec4 8, 0, 8;
    %cmp/e;
    %flag_get/vec4 4;
    %load/vec4 v0x24d2fb0_0;
    %and;
    %flag_set/vec4 8;
    %jmp/0xz  T_16.34, 8;
    %load/vec4 v0x24d3e80_0;
    %assign/vec4 v0x24d3850_0, 0;
    %pushi/vec4 1, 0, 1;
    %assign/vec4 v0x24d2ee0_0, 0;
    %pushi/vec4 0, 0, 1;
    %assign/vec4 v0x24d3320_0, 0;
T_16.34 ;
    %load/vec4 v0x24d2fb0_0;
    %load/vec4 v0x24d2ee0_0;
    %and;
    %flag_set/vec4 8;
    %jmp/0xz  T_16.36, 8;
    %pushi/vec4 0, 0, 1;
    %assign/vec4 v0x24d2ee0_0, 0;
    %pushi/vec4 1, 0, 1;
    %assign/vec4 v0x24d3320_0, 0;
    %pushi/vec4 0, 0, 8;
    %assign/vec4 v0x24d3240_0, 0;
    %pushi/vec4 5, 0, 4;
    %assign/vec4 v0x24d3c60_0, 0;
T_16.36 ;
T_16.31 ;
T_16.29 ;
    %jmp T_16.11;
T_16.7 ;
    %load/vec4 v0x24d2e20_0;
    %flag_set/vec4 8;
    %jmp/0xz  T_16.38, 8;
    %pushi/vec4 0, 0, 8;
    %assign/vec4 v0x24d3240_0, 0;
    %pushi/vec4 0, 0, 4;
    %assign/vec4 v0x24d3c60_0, 0;
    %jmp T_16.39;
T_16.38 ;
    %load/vec4 v0x24b2d10_0;
    %flag_set/vec4 8;
    %jmp/0xz  T_16.40, 8;
    %pushi/vec4 0, 0, 8;
    %assign/vec4 v0x24d3240_0, 0;
    %pushi/vec4 1, 0, 4;
    %assign/vec4 v0x24d3c60_0, 0;
    %jmp T_16.41;
T_16.40 ;
    %load/vec4 v0x24d33e0_0;
    %flag_set/vec4 8;
    %jmp/0xz  T_16.42, 8;
    %load/vec4 v0x24d3240_0;
    %addi 1, 0, 8;
    %assign/vec4 v0x24d3240_0, 0;
    %load/vec4 v0x24d3da0_0;
    %parti/s 7, 0, 2;
    %load/vec4 v0x24d3790_0;
    %concat/vec4; draw_concat_vec4
    %assign/vec4 v0x24d3da0_0, 0;
T_16.42 ;
    %load/vec4 v0x24d3240_0;
    %pushi/vec4 8, 0, 8;
    %cmp/e;
    %flag_get/vec4 4;
    %load/vec4 v0x24d2fb0_0;
    %and;
    %flag_set/vec4 8;
    %jmp/0xz  T_16.44, 8;
    %load/vec4 v0x24d3da0_0;
    %ix/getv 3, v0x24d3850_0;
    %ix/load 4, 0, 0; Constant delay
    %assign/vec4/a/d v0x24d3930, 0, 4;
    %pushi/vec4 1, 0, 1;
    %assign/vec4 v0x24d2ee0_0, 0;
    %pushi/vec4 0, 0, 1;
    %assign/vec4 v0x24d3320_0, 0;
T_16.44 ;
    %load/vec4 v0x24d2fb0_0;
    %load/vec4 v0x24d2ee0_0;
    %and;
    %flag_set/vec4 8;
    %jmp/0xz  T_16.46, 8;
    %pushi/vec4 0, 0, 4;
    %assign/vec4 v0x24d3c60_0, 0;
T_16.46 ;
T_16.41 ;
T_16.39 ;
    %jmp T_16.11;
T_16.8 ;
    %load/vec4 v0x24d33e0_0;
    %flag_set/vec4 8;
    %jmp/0xz  T_16.48, 8;
    %load/vec4 v0x24d3da0_0;
    %parti/s 7, 0, 2;
    %load/vec4 v0x24d3da0_0;
    %parti/s 1, 7, 4;
    %concat/vec4; draw_concat_vec4
    %assign/vec4 v0x24d3da0_0, 0;
T_16.48 ;
    %load/vec4 v0x24d2fb0_0;
    %flag_set/vec4 8;
    %jmp/0xz  T_16.50, 8;
    %load/vec4 v0x24d3240_0;
    %addi 1, 0, 8;
    %assign/vec4 v0x24d3240_0, 0;
    %load/vec4 v0x24d3da0_0;
    %parti/s 1, 7, 4;
    %assign/vec4 v0x24d3320_0, 0;
T_16.50 ;
    %load/vec4 v0x24d3240_0;
    %cmpi/e 8, 0, 8;
    %jmp/0xz  T_16.52, 4;
    %pushi/vec4 1, 0, 1;
    %assign/vec4 v0x24d3320_0, 0;
    %pushi/vec4 0, 0, 4;
    %assign/vec4 v0x24d3c60_0, 0;
T_16.52 ;
    %jmp T_16.11;
T_16.9 ;
    %pushi/vec4 0, 0, 8;
    %assign/vec4 v0x24d3240_0, 0;
    %load/vec4 v0x24d33e0_0;
    %load/vec4 v0x24d3790_0;
    %pushi/vec4 1, 0, 1;
    %cmp/e;
    %flag_get/vec4 4;
    %and;
    %flag_set/vec4 8;
    %jmp/0xz  T_16.54, 8;
    %pushi/vec4 0, 0, 4;
    %assign/vec4 v0x24d3c60_0, 0;
T_16.54 ;
    %jmp T_16.11;
T_16.11 ;
    %pop/vec4 1;
T_16.1 ;
    %jmp T_16;
    .thread T_16;
    .scope S_0x24a7920;
T_17 ;
    %pushi/vec4 7, 0, 3;
    %store/vec4 v0x24d5090_0, 0, 3;
    %end;
    .thread T_17;
    .scope S_0x24a7920;
T_18 ;
    %wait E_0x24926e0;
    %load/vec4 v0x24d55b0_0;
    %ix/load 4, 0, 0;
    %ix/load 5, 0, 0;
    %flag_set/imm 4, 0;
    %assign/vec4/off/d v0x24d5090_0, 4, 5;
    %load/vec4 v0x24d5090_0;
    %parti/s 1, 0, 2;
    %ix/load 4, 1, 0;
    %ix/load 5, 0, 0;
    %flag_set/imm 4, 0;
    %assign/vec4/off/d v0x24d5090_0, 4, 5;
    %load/vec4 v0x24d5090_0;
    %parti/s 1, 1, 2;
    %ix/load 4, 2, 0;
    %ix/load 5, 0, 0;
    %flag_set/imm 4, 0;
    %assign/vec4/off/d v0x24d5090_0, 4, 5;
    %jmp T_18;
    .thread T_18;
    .scope S_0x24a7920;
T_19 ;
    %pushi/vec4 7, 0, 3;
    %store/vec4 v0x24d4ff0_0, 0, 3;
    %end;
    .thread T_19;
    .scope S_0x24a7920;
T_20 ;
    %wait E_0x24926e0;
    %load/vec4 v0x24d5440_0;
    %ix/load 4, 0, 0;
    %ix/load 5, 0, 0;
    %flag_set/imm 4, 0;
    %assign/vec4/off/d v0x24d4ff0_0, 4, 5;
    %load/vec4 v0x24d4ff0_0;
    %parti/s 1, 0, 2;
    %ix/load 4, 1, 0;
    %ix/load 5, 0, 0;
    %flag_set/imm 4, 0;
    %assign/vec4/off/d v0x24d4ff0_0, 4, 5;
    %load/vec4 v0x24d4ff0_0;
    %parti/s 1, 1, 2;
    %ix/load 4, 2, 0;
    %ix/load 5, 0, 0;
    %flag_set/imm 4, 0;
    %assign/vec4/off/d v0x24d4ff0_0, 4, 5;
    %jmp T_20;
    .thread T_20;
    .scope S_0x2479550;
T_21 ;
    %pushi/vec4 0, 0, 1;
    %store/vec4 v0x24d67e0_0, 0, 1;
    %end;
    .thread T_21;
    .scope S_0x2479550;
T_22 ;
    %pushi/vec4 0, 0, 1;
    %store/vec4 v0x24d6fe0_0, 0, 1;
    %end;
    .thread T_22;
    .scope S_0x2479550;
T_23 ;
    %pushi/vec4 1, 0, 1;
    %store/vec4 v0x24d6b30_0, 0, 1;
    %end;
    .thread T_23;
    .scope S_0x2479550;
T_24 ;
    %pushi/vec4 1, 0, 1;
    %store/vec4 v0x24d6a90_0, 0, 1;
    %end;
    .thread T_24;
    .scope S_0x2479550;
T_25 ;
    %pushi/vec4 1, 0, 1;
    %store/vec4 v0x24d6e90_0, 0, 1;
    %end;
    .thread T_25;
    .scope S_0x2479550;
T_26 ;
    %pushi/vec4 0, 0, 8;
    %store/vec4 v0x24d6d10_0, 0, 8;
    %end;
    .thread T_26;
    .scope S_0x2479550;
T_27 ;
    %delay 200, 0;
    %load/vec4 v0x24d67e0_0;
    %inv;
    %store/vec4 v0x24d67e0_0, 0, 1;
    %jmp T_27;
    .thread T_27;
    .scope S_0x2479550;
T_28 ;
    %vpi_call 2 41 "$dumpfile", "out.vcd" {0 0 0};
    %vpi_call 2 42 "$dumpvars", 32'sb00000000000000000000000000000000, S_0x2479550 {0 0 0};
    %pushi/vec4 0, 0, 1;
    %store/vec4 v0x24d67e0_0, 0, 1;
    %pushi/vec4 1, 0, 1;
    %store/vec4 v0x24d6a90_0, 0, 1;
    %pushi/vec4 1, 0, 1;
    %store/vec4 v0x24d6b30_0, 0, 1;
    %pushi/vec4 1, 0, 1;
    %store/vec4 v0x24d6fe0_0, 0, 1;
    %delay 5000, 0;
    %pushi/vec4 0, 0, 1;
    %store/vec4 v0x24d6fe0_0, 0, 1;
    %delay 12500, 0;
    %vpi_call 2 52 "$display", "-" {0 0 0};
    %vpi_call 2 53 "$display", "---" {0 0 0};
    %pushi/vec4 16, 0, 8;
    %store/vec4 v0x24d6240_0, 0, 8;
    %fork TD_i2c_tb.loop_mem_write, S_0x24d6070;
    %join;
    %pushi/vec4 19, 0, 8;
    %store/vec4 v0x24d66e0_0, 0, 8;
    %fork TD_i2c_tb.mem_read, S_0x24d6510;
    %join;
    %end;
    .thread T_28;
    .scope S_0x2479550;
T_29 ;
    %delay 200000000, 0;
    %vpi_call 2 62 "$finish" {0 0 0};
    %end;
    .thread T_29;
    .scope S_0x2479550;
T_30 ;
    %pushi/vec4 0, 0, 8;
    %store/vec4 v0x24d6db0_0, 0, 8;
    %end;
    .thread T_30;
    .scope S_0x2479550;
T_31 ;
    %pushi/vec4 0, 0, 8;
    %store/vec4 v0x24d69d0_0, 0, 8;
    %end;
    .thread T_31;
    .scope S_0x2479550;
T_32 ;
    %pushi/vec4 0, 0, 8;
    %store/vec4 v0x24d68f0_0, 0, 8;
    %end;
    .thread T_32;
# The file index is used to find the file name in the following table.
:file_names 5;
    "N/A";
    "<interactive>";
    "tb_i2c.v";
    "../../i2c_internal.v";
    "../../i2c_slave.v";
